#
# There is insufficient memory for the Java Runtime Environment to continue.
# Native memory allocation (mmap) failed to map 65536 bytes for Failed to commit metaspace.
# Possible reasons:
#   The system is out of physical RAM or swap space
#   The process is running with CompressedOops enabled, and the Java Heap may be blocking the growth of the native heap
# Possible solutions:
#   Reduce memory load on the system
#   Increase physical memory or swap space
#   Check if swap backing store is full
#   Decrease Java heap size (-Xmx/-Xms)
#   Decrease number of Java threads
#   Decrease Java thread stack sizes (-Xss)
#   Set larger code cache with -XX:ReservedCodeCacheSize=
#   JVM is running with Unscaled Compressed Oops mode in which the Java heap is
#     placed in the first 4GB address space. The Java Heap base address is the
#     maximum limit for the native heap growth. Please use -XX:HeapBaseMinAddress
#     to set the Java Heap base and to place the Java Heap above 4GB virtual address.
# This output file may be truncated or incomplete.
#
#  Out of Memory Error (virtualSpaceNode.cpp:112), pid=28716, tid=6996
#
# JRE version: Java(TM) SE Runtime Environment (21.0.1+12) (build 21.0.1+12-LTS-29)
# Java VM: Java HotSpot(TM) 64-Bit Server VM (21.0.1+12-LTS-29, mixed mode, sharing, tiered, compressed oops, compressed class ptrs, g1 gc, windows-amd64)
# No core dump will be written. Minidumps are not enabled by default on client versions of Windows
#

---------------  S U M M A R Y ------------

Command Line: -Dfile.encoding=UTF-8 --enable-preview --module-path=C:\Users\Ruchita\Documents\NetBeansProjects\Tourism Management System\build\classes tourism.management.system.Dashboard

Host: AMD Ryzen 7 5800HS with Radeon Graphics         , 16 cores, 7G,  Windows 11 , 64 bit Build 22621 (10.0.22621.2506)
Time: Sun Jan 14 23:24:34 2024 India Standard Time elapsed time: 0.188613 seconds (0d 0h 0m 0s)

---------------  T H R E A D  ---------------

Current thread (0x000001a275c9b760):  JavaThread "main"             [_thread_in_vm, id=6996, stack(0x0000007eb5700000,0x0000007eb5800000) (1024K)]

Stack: [0x0000007eb5700000,0x0000007eb5800000]
Native frames: (J=compiled Java code, j=interpreted, Vv=VM code, C=native code)
V  [jvm.dll+0x6c9029]
V  [jvm.dll+0x854b81]
V  [jvm.dll+0x856e5e]
V  [jvm.dll+0x857543]
V  [jvm.dll+0x280c06]
V  [jvm.dll+0x8508ae]
V  [jvm.dll+0x66ca45]
V  [jvm.dll+0x66caaa]
V  [jvm.dll+0x66f2a6]
V  [jvm.dll+0x66f172]
V  [jvm.dll+0x66d41e]
V  [jvm.dll+0x26b2df]
V  [jvm.dll+0x677615]
V  [jvm.dll+0x217a53]
V  [jvm.dll+0x217f95]
V  [jvm.dll+0x2189b1]
V  [jvm.dll+0x20dc4e]
V  [jvm.dll+0x5ac6dc]
V  [jvm.dll+0x21f67a]
V  [jvm.dll+0x7ccde1]
V  [jvm.dll+0x7cde45]
V  [jvm.dll+0x7ce600]
V  [jvm.dll+0x218dac]
V  [jvm.dll+0x20dc67]
V  [jvm.dll+0x5ac6dc]
V  [jvm.dll+0x21f67a]
V  [jvm.dll+0x7ccde1]
V  [jvm.dll+0x7cde45]
V  [jvm.dll+0x7ce3ef]
V  [jvm.dll+0x7ce098]
V  [jvm.dll+0x26ebdb]
V  [jvm.dll+0x3d36fe]
C  0x000001a20f7fa7ff

The last pc belongs to new (printed below).
Java frames: (J=compiled Java code, j=interpreted, Vv=VM code)
j  javax.swing.UIManager.setLookAndFeel(Ljava/lang/String;)V+9 java.desktop@21.0.1
j  javax.swing.UIManager.initializeDefaultLAF(Ljava/util/Properties;)V+58 java.desktop@21.0.1
j  javax.swing.UIManager.initialize()V+9 java.desktop@21.0.1
j  javax.swing.UIManager.maybeInitialize()V+22 java.desktop@21.0.1
j  javax.swing.UIManager.getUI(Ljavax/swing/JComponent;)Ljavax/swing/plaf/ComponentUI;+0 java.desktop@21.0.1
j  javax.swing.JPanel.updateUI()V+2 java.desktop@21.0.1
j  javax.swing.JPanel.<init>(Ljava/awt/LayoutManager;Z)V+24 java.desktop@21.0.1
j  javax.swing.JPanel.<init>(Z)V+9 java.desktop@21.0.1
j  javax.swing.JPanel.<init>()V+2 java.desktop@21.0.1
j  javax.swing.JRootPane.createGlassPane()Ljava/awt/Component;+4 java.desktop@21.0.1
j  javax.swing.JRootPane.<init>()V+11 java.desktop@21.0.1
j  javax.swing.JFrame.createRootPane()Ljavax/swing/JRootPane;+4 java.desktop@21.0.1
j  javax.swing.JFrame.frameInit()V+16 java.desktop@21.0.1
j  javax.swing.JFrame.<init>()V+20 java.desktop@21.0.1
j  tourism.management.system.Dashboard.<init>()V+1
j  tourism.management.system.Dashboard.main([Ljava/lang/String;)V+4
v  ~StubRoutines::call_stub 0x000001a20f7e100d
new  187 new  [0x000001a20f7fa680, 0x000001a20f7fa888]  520 bytes
[MachCode]
  0x000001a20f7fa680: 4883 ec08 | c5fa 1104 | 24eb 1f48 | 83ec 10c5 | fb11 0424 | eb14 4883 | ec10 4889 | 0424 48c7 
  0x000001a20f7fa6a0: 4424 0800 | 0000 00eb | 0150 410f | b755 010f | cac1 ea10 | 488b 4de8 | 488b 4908 | 488b 4908 
  0x000001a20f7fa6c0: 488b 4108 | 807c 1004 | 070f 85d3 | 0000 0066 | 8b54 d148 | 488b 4928 | 488b 4cd1 | 0851 80b9 
  0x000001a20f7fa6e0: 2001 0000 | 050f 85b6 | 0000 008b | 5108 f6c2 | 010f 85aa | 0000 0049 | 8b87 b801 | 0000 488d 
  0x000001a20f7fa700: 1c10 493b | 9fc8 0100 | 000f 8792 | 0000 0049 | 899f b801 | 0000 4883 | ea10 0f84 | 0f00 0000 
  0x000001a20f7fa720: 33c9 c1ea | 0348 894c | d008 48ff | ca75 f648 | c700 0100 | 0000 5933 | f689 700c | 49ba 0000 
  0x000001a20f7fa740: 0018 a201 | 0000 492b | ca89 4808 | 49ba ca25 | 414b f87f | 0000 4180 | 3a00 0f84 | 3c00 0000 
  0x000001a20f7fa760: 5048 8bc8 | 4883 ec20 | 40f6 c40f | 0f84 1900 | 0000 4883 | ec08 48b8 | 70eb f14a | f87f 0000 
  0x000001a20f7fa780: ffd0 4883 | c408 e90c | 0000 0048 | b870 ebf1 | 4af8 7f00 | 00ff d048 | 83c4 2058 | e9cb 0000 
  0x000001a20f7fa7a0: 0059 488b | 55e8 488b | 5208 488b | 5208 450f | b745 0141 | 0fc8 41c1 | e810 e805 | 0000 00e9 
  0x000001a20f7fa7c0: a800 0000 | 488d 4424 | 084c 896d | c049 8bcf | c5f8 7749 | 89af a803 | 0000 4989 | 8798 0300 
  0x000001a20f7fa7e0: 0048 83ec | 2040 f6c4 | 0f0f 8419 | 0000 0048 | 83ec 0848 | b8b0 36bc | 4af8 7f00 | 00ff d048 
  0x000001a20f7fa800: 83c4 08e9 | 0c00 0000 | 48b8 b036 | bc4a f87f | 0000 ffd0 | 4883 c420 | 49c7 8798 | 0300 0000 
  0x000001a20f7fa820: 0000 0049 | c787 a803 | 0000 0000 | 0000 49c7 | 87a0 0300 | 0000 0000 | 00c5 f877 | 4983 7f08 
  0x000001a20f7fa840: 000f 8405 | 0000 00e9 | b466 feff | 498b 87f0 | 0300 0049 | c787 f003 | 0000 0000 | 0000 4c8b 
  0x000001a20f7fa860: 6dc0 4c8b | 75c8 4e8d | 74f5 00c3 | 410f b65d | 0349 83c5 | 0349 ba80 | df43 4bf8 | 7f00 0041 
  0x000001a20f7fa880: ff24 da0f | 1f44 0000 
[/MachCode]

---------------  P R O C E S S  ---------------

Threads class SMR info:
_java_thread_list=0x000001a21780c670, length=17, elements={
0x000001a275c9b760, 0x000001a27ddb9e90, 0x000001a27ddbcbc0, 0x000001a27ddc0140,
0x000001a27ddc1e30, 0x000001a27ddc2890, 0x000001a27ddc32f0, 0x000001a27ddc4dc0,
0x000001a27ddd8b10, 0x000001a2175796c0, 0x000001a21757ed10, 0x000001a2175a2180,
0x000001a2175d91f0, 0x000001a217687d20, 0x000001a217819a40, 0x000001a21782aa90,
0x000001a21782ebd0
}

Java Threads: ( => current thread )
=>0x000001a275c9b760 JavaThread "main"                              [_thread_in_vm, id=6996, stack(0x0000007eb5700000,0x0000007eb5800000) (1024K)]
  0x000001a27ddb9e90 JavaThread "Reference Handler"          daemon [_thread_blocked, id=28896, stack(0x0000007eb5f00000,0x0000007eb6000000) (1024K)]
  0x000001a27ddbcbc0 JavaThread "Finalizer"                  daemon [_thread_blocked, id=17572, stack(0x0000007eb6000000,0x0000007eb6100000) (1024K)]
  0x000001a27ddc0140 JavaThread "Signal Dispatcher"          daemon [_thread_blocked, id=30064, stack(0x0000007eb6100000,0x0000007eb6200000) (1024K)]
  0x000001a27ddc1e30 JavaThread "Attach Listener"            daemon [_thread_blocked, id=29816, stack(0x0000007eb6200000,0x0000007eb6300000) (1024K)]
  0x000001a27ddc2890 JavaThread "Service Thread"             daemon [_thread_blocked, id=30596, stack(0x0000007eb6300000,0x0000007eb6400000) (1024K)]
  0x000001a27ddc32f0 JavaThread "Monitor Deflation Thread"   daemon [_thread_blocked, id=29904, stack(0x0000007eb6400000,0x0000007eb6500000) (1024K)]
  0x000001a27ddc4dc0 JavaThread "C2 CompilerThread0"         daemon [_thread_blocked, id=30592, stack(0x0000007eb6500000,0x0000007eb6600000) (1024K)]
  0x000001a27ddd8b10 JavaThread "C1 CompilerThread0"         daemon [_thread_blocked, id=30284, stack(0x0000007eb6600000,0x0000007eb6700000) (1024K)]
  0x000001a2175796c0 JavaThread "Common-Cleaner"             daemon [_thread_blocked, id=7236, stack(0x0000007eb6700000,0x0000007eb6800000) (1024K)]
  0x000001a21757ed10 JavaThread "C1 CompilerThread1"         daemon [_thread_blocked, id=29844, stack(0x0000007eb6800000,0x0000007eb6900000) (1024K)]
  0x000001a2175a2180 JavaThread "C1 CompilerThread2"         daemon [_thread_blocked, id=29256, stack(0x0000007eb6900000,0x0000007eb6a00000) (1024K)]
  0x000001a2175d91f0 JavaThread "C2 CompilerThread1"         daemon [_thread_blocked, id=23616, stack(0x0000007eb6a00000,0x0000007eb6b00000) (1024K)]
  0x000001a217687d20 JavaThread "Notification Thread"        daemon [_thread_blocked, id=27084, stack(0x0000007eb6b00000,0x0000007eb6c00000) (1024K)]
  0x000001a217819a40 JavaThread "Java2D Disposer"            daemon [_thread_blocked, id=30080, stack(0x0000007eb6c00000,0x0000007eb6d00000) (1024K)]
  0x000001a21782aa90 JavaThread "AWT-Shutdown"                      [_thread_blocked, id=28600, stack(0x0000007eb6d00000,0x0000007eb6e00000) (1024K)]
  0x000001a21782ebd0 JavaThread "AWT-Windows"                daemon [_thread_in_native, id=29704, stack(0x0000007eb6e00000,0x0000007eb6f00000) (1024K)]
Total: 17

Other Threads:
  0x000001a27dd9b930 VMThread "VM Thread"                           [id=21152, stack(0x0000007eb5e00000,0x0000007eb5f00000) (1024K)]
  0x000001a27dd82170 WatcherThread "VM Periodic Task Thread"        [id=30588, stack(0x0000007eb5d00000,0x0000007eb5e00000) (1024K)]
  0x000001a277f587d0 WorkerThread "GC Thread#0"                     [id=30556, stack(0x0000007eb5800000,0x0000007eb5900000) (1024K)]
  0x000001a277f68e70 ConcurrentGCThread "G1 Main Marker"            [id=29440, stack(0x0000007eb5900000,0x0000007eb5a00000) (1024K)]
  0x000001a277f6a110 WorkerThread "G1 Conc#0"                       [id=27988, stack(0x0000007eb5a00000,0x0000007eb5b00000) (1024K)]
  0x000001a27dc54100 ConcurrentGCThread "G1 Refine#0"               [id=13516, stack(0x0000007eb5b00000,0x0000007eb5c00000) (1024K)]
  0x000001a277fce050 ConcurrentGCThread "G1 Service"                [id=25844, stack(0x0000007eb5c00000,0x0000007eb5d00000) (1024K)]
Total: 7

Threads with active compile tasks:
Total: 0

VM state: not at safepoint (normal execution)

VM Mutex/Monitor currently owned by a thread:  ([mutex/lock_event])
[0x00007ff84b428578] Metaspace_lock - owner thread: 0x000001a275c9b760

Heap address: 0x0000000089800000, size: 1896 MB, Compressed Oops mode: 32-bit

CDS archive(s) mapped at: [0x000001a218000000-0x000001a218c90000-0x000001a218c90000), size 13172736, SharedBaseAddress: 0x000001a218000000, ArchiveRelocationMode: 1.
Compressed class space mapped at: 0x000001a219000000-0x000001a259000000, reserved size: 1073741824
Narrow klass base: 0x000001a218000000, Narrow klass shift: 0, Narrow klass range: 0x100000000

GC Precious Log:
 CardTable entry size: 512
 Card Set container configuration: InlinePtr #cards 5 size 8 Array Of Cards #cards 12 size 40 Howl #buckets 4 coarsen threshold 1843 Howl Bitmap #cards 512 size 80 coarsen threshold 460 Card regions per heap region 1 cards per card region 2048
 CPUs: 16 total, 16 available
 Memory: 7583M
 Large Page Support: Disabled
 NUMA Support: Disabled
 Compressed Oops: Enabled (32-bit)
 Heap Region Size: 1M
 Heap Min Capacity: 8M
 Heap Initial Capacity: 120M
 Heap Max Capacity: 1896M
 Pre-touch: Disabled
 Parallel Workers: 13
 Concurrent Workers: 3
 Concurrent Refinement Workers: 13
 Periodic GC: Disabled

Heap:
 garbage-first heap   total 122880K, used 4096K [0x0000000089800000, 0x0000000100000000)
  region size 1024K, 5 young (5120K), 0 survivors (0K)
 Metaspace       used 3967K, committed 4096K, reserved 1114112K
  class space    used 388K, committed 448K, reserved 1048576K

Heap Regions: E=young(eden), S=young(survivor), O=old, HS=humongous(starts), HC=humongous(continues), CS=collection set, F=free, TAMS=top-at-mark-start, PB=parsable bottom
|   0|0x0000000089800000, 0x0000000089800000, 0x0000000089900000|  0%| F|  |TAMS 0x0000000089800000| PB 0x0000000089800000| Untracked 
|   1|0x0000000089900000, 0x0000000089900000, 0x0000000089a00000|  0%| F|  |TAMS 0x0000000089900000| PB 0x0000000089900000| Untracked 
|   2|0x0000000089a00000, 0x0000000089a00000, 0x0000000089b00000|  0%| F|  |TAMS 0x0000000089a00000| PB 0x0000000089a00000| Untracked 
|   3|0x0000000089b00000, 0x0000000089b00000, 0x0000000089c00000|  0%| F|  |TAMS 0x0000000089b00000| PB 0x0000000089b00000| Untracked 
|   4|0x0000000089c00000, 0x0000000089c00000, 0x0000000089d00000|  0%| F|  |TAMS 0x0000000089c00000| PB 0x0000000089c00000| Untracked 
|   5|0x0000000089d00000, 0x0000000089d00000, 0x0000000089e00000|  0%| F|  |TAMS 0x0000000089d00000| PB 0x0000000089d00000| Untracked 
|   6|0x0000000089e00000, 0x0000000089e00000, 0x0000000089f00000|  0%| F|  |TAMS 0x0000000089e00000| PB 0x0000000089e00000| Untracked 
|   7|0x0000000089f00000, 0x0000000089f00000, 0x000000008a000000|  0%| F|  |TAMS 0x0000000089f00000| PB 0x0000000089f00000| Untracked 
|   8|0x000000008a000000, 0x000000008a000000, 0x000000008a100000|  0%| F|  |TAMS 0x000000008a000000| PB 0x000000008a000000| Untracked 
|   9|0x000000008a100000, 0x000000008a100000, 0x000000008a200000|  0%| F|  |TAMS 0x000000008a100000| PB 0x000000008a100000| Untracked 
|  10|0x000000008a200000, 0x000000008a200000, 0x000000008a300000|  0%| F|  |TAMS 0x000000008a200000| PB 0x000000008a200000| Untracked 
|  11|0x000000008a300000, 0x000000008a300000, 0x000000008a400000|  0%| F|  |TAMS 0x000000008a300000| PB 0x000000008a300000| Untracked 
|  12|0x000000008a400000, 0x000000008a400000, 0x000000008a500000|  0%| F|  |TAMS 0x000000008a400000| PB 0x000000008a400000| Untracked 
|  13|0x000000008a500000, 0x000000008a500000, 0x000000008a600000|  0%| F|  |TAMS 0x000000008a500000| PB 0x000000008a500000| Untracked 
|  14|0x000000008a600000, 0x000000008a600000, 0x000000008a700000|  0%| F|  |TAMS 0x000000008a600000| PB 0x000000008a600000| Untracked 
|  15|0x000000008a700000, 0x000000008a700000, 0x000000008a800000|  0%| F|  |TAMS 0x000000008a700000| PB 0x000000008a700000| Untracked 
|  16|0x000000008a800000, 0x000000008a800000, 0x000000008a900000|  0%| F|  |TAMS 0x000000008a800000| PB 0x000000008a800000| Untracked 
|  17|0x000000008a900000, 0x000000008a900000, 0x000000008aa00000|  0%| F|  |TAMS 0x000000008a900000| PB 0x000000008a900000| Untracked 
|  18|0x000000008aa00000, 0x000000008aa00000, 0x000000008ab00000|  0%| F|  |TAMS 0x000000008aa00000| PB 0x000000008aa00000| Untracked 
|  19|0x000000008ab00000, 0x000000008ab00000, 0x000000008ac00000|  0%| F|  |TAMS 0x000000008ab00000| PB 0x000000008ab00000| Untracked 
|  20|0x000000008ac00000, 0x000000008ac00000, 0x000000008ad00000|  0%| F|  |TAMS 0x000000008ac00000| PB 0x000000008ac00000| Untracked 
|  21|0x000000008ad00000, 0x000000008ad00000, 0x000000008ae00000|  0%| F|  |TAMS 0x000000008ad00000| PB 0x000000008ad00000| Untracked 
|  22|0x000000008ae00000, 0x000000008ae00000, 0x000000008af00000|  0%| F|  |TAMS 0x000000008ae00000| PB 0x000000008ae00000| Untracked 
|  23|0x000000008af00000, 0x000000008af00000, 0x000000008b000000|  0%| F|  |TAMS 0x000000008af00000| PB 0x000000008af00000| Untracked 
|  24|0x000000008b000000, 0x000000008b000000, 0x000000008b100000|  0%| F|  |TAMS 0x000000008b000000| PB 0x000000008b000000| Untracked 
|  25|0x000000008b100000, 0x000000008b100000, 0x000000008b200000|  0%| F|  |TAMS 0x000000008b100000| PB 0x000000008b100000| Untracked 
|  26|0x000000008b200000, 0x000000008b200000, 0x000000008b300000|  0%| F|  |TAMS 0x000000008b200000| PB 0x000000008b200000| Untracked 
|  27|0x000000008b300000, 0x000000008b300000, 0x000000008b400000|  0%| F|  |TAMS 0x000000008b300000| PB 0x000000008b300000| Untracked 
|  28|0x000000008b400000, 0x000000008b400000, 0x000000008b500000|  0%| F|  |TAMS 0x000000008b400000| PB 0x000000008b400000| Untracked 
|  29|0x000000008b500000, 0x000000008b500000, 0x000000008b600000|  0%| F|  |TAMS 0x000000008b500000| PB 0x000000008b500000| Untracked 
|  30|0x000000008b600000, 0x000000008b600000, 0x000000008b700000|  0%| F|  |TAMS 0x000000008b600000| PB 0x000000008b600000| Untracked 
|  31|0x000000008b700000, 0x000000008b700000, 0x000000008b800000|  0%| F|  |TAMS 0x000000008b700000| PB 0x000000008b700000| Untracked 
|  32|0x000000008b800000, 0x000000008b800000, 0x000000008b900000|  0%| F|  |TAMS 0x000000008b800000| PB 0x000000008b800000| Untracked 
|  33|0x000000008b900000, 0x000000008b900000, 0x000000008ba00000|  0%| F|  |TAMS 0x000000008b900000| PB 0x000000008b900000| Untracked 
|  34|0x000000008ba00000, 0x000000008ba00000, 0x000000008bb00000|  0%| F|  |TAMS 0x000000008ba00000| PB 0x000000008ba00000| Untracked 
|  35|0x000000008bb00000, 0x000000008bb00000, 0x000000008bc00000|  0%| F|  |TAMS 0x000000008bb00000| PB 0x000000008bb00000| Untracked 
|  36|0x000000008bc00000, 0x000000008bc00000, 0x000000008bd00000|  0%| F|  |TAMS 0x000000008bc00000| PB 0x000000008bc00000| Untracked 
|  37|0x000000008bd00000, 0x000000008bd00000, 0x000000008be00000|  0%| F|  |TAMS 0x000000008bd00000| PB 0x000000008bd00000| Untracked 
|  38|0x000000008be00000, 0x000000008be00000, 0x000000008bf00000|  0%| F|  |TAMS 0x000000008be00000| PB 0x000000008be00000| Untracked 
|  39|0x000000008bf00000, 0x000000008bf00000, 0x000000008c000000|  0%| F|  |TAMS 0x000000008bf00000| PB 0x000000008bf00000| Untracked 
|  40|0x000000008c000000, 0x000000008c000000, 0x000000008c100000|  0%| F|  |TAMS 0x000000008c000000| PB 0x000000008c000000| Untracked 
|  41|0x000000008c100000, 0x000000008c100000, 0x000000008c200000|  0%| F|  |TAMS 0x000000008c100000| PB 0x000000008c100000| Untracked 
|  42|0x000000008c200000, 0x000000008c200000, 0x000000008c300000|  0%| F|  |TAMS 0x000000008c200000| PB 0x000000008c200000| Untracked 
|  43|0x000000008c300000, 0x000000008c300000, 0x000000008c400000|  0%| F|  |TAMS 0x000000008c300000| PB 0x000000008c300000| Untracked 
|  44|0x000000008c400000, 0x000000008c400000, 0x000000008c500000|  0%| F|  |TAMS 0x000000008c400000| PB 0x000000008c400000| Untracked 
|  45|0x000000008c500000, 0x000000008c500000, 0x000000008c600000|  0%| F|  |TAMS 0x000000008c500000| PB 0x000000008c500000| Untracked 
|  46|0x000000008c600000, 0x000000008c600000, 0x000000008c700000|  0%| F|  |TAMS 0x000000008c600000| PB 0x000000008c600000| Untracked 
|  47|0x000000008c700000, 0x000000008c700000, 0x000000008c800000|  0%| F|  |TAMS 0x000000008c700000| PB 0x000000008c700000| Untracked 
|  48|0x000000008c800000, 0x000000008c800000, 0x000000008c900000|  0%| F|  |TAMS 0x000000008c800000| PB 0x000000008c800000| Untracked 
|  49|0x000000008c900000, 0x000000008c900000, 0x000000008ca00000|  0%| F|  |TAMS 0x000000008c900000| PB 0x000000008c900000| Untracked 
|  50|0x000000008ca00000, 0x000000008ca00000, 0x000000008cb00000|  0%| F|  |TAMS 0x000000008ca00000| PB 0x000000008ca00000| Untracked 
|  51|0x000000008cb00000, 0x000000008cb00000, 0x000000008cc00000|  0%| F|  |TAMS 0x000000008cb00000| PB 0x000000008cb00000| Untracked 
|  52|0x000000008cc00000, 0x000000008cc00000, 0x000000008cd00000|  0%| F|  |TAMS 0x000000008cc00000| PB 0x000000008cc00000| Untracked 
|  53|0x000000008cd00000, 0x000000008cd00000, 0x000000008ce00000|  0%| F|  |TAMS 0x000000008cd00000| PB 0x000000008cd00000| Untracked 
|  54|0x000000008ce00000, 0x000000008ce00000, 0x000000008cf00000|  0%| F|  |TAMS 0x000000008ce00000| PB 0x000000008ce00000| Untracked 
|  55|0x000000008cf00000, 0x000000008cf00000, 0x000000008d000000|  0%| F|  |TAMS 0x000000008cf00000| PB 0x000000008cf00000| Untracked 
|  56|0x000000008d000000, 0x000000008d000000, 0x000000008d100000|  0%| F|  |TAMS 0x000000008d000000| PB 0x000000008d000000| Untracked 
|  57|0x000000008d100000, 0x000000008d100000, 0x000000008d200000|  0%| F|  |TAMS 0x000000008d100000| PB 0x000000008d100000| Untracked 
|  58|0x000000008d200000, 0x000000008d200000, 0x000000008d300000|  0%| F|  |TAMS 0x000000008d200000| PB 0x000000008d200000| Untracked 
|  59|0x000000008d300000, 0x000000008d300000, 0x000000008d400000|  0%| F|  |TAMS 0x000000008d300000| PB 0x000000008d300000| Untracked 
|  60|0x000000008d400000, 0x000000008d400000, 0x000000008d500000|  0%| F|  |TAMS 0x000000008d400000| PB 0x000000008d400000| Untracked 
|  61|0x000000008d500000, 0x000000008d500000, 0x000000008d600000|  0%| F|  |TAMS 0x000000008d500000| PB 0x000000008d500000| Untracked 
|  62|0x000000008d600000, 0x000000008d600000, 0x000000008d700000|  0%| F|  |TAMS 0x000000008d600000| PB 0x000000008d600000| Untracked 
|  63|0x000000008d700000, 0x000000008d700000, 0x000000008d800000|  0%| F|  |TAMS 0x000000008d700000| PB 0x000000008d700000| Untracked 
|  64|0x000000008d800000, 0x000000008d800000, 0x000000008d900000|  0%| F|  |TAMS 0x000000008d800000| PB 0x000000008d800000| Untracked 
|  65|0x000000008d900000, 0x000000008d900000, 0x000000008da00000|  0%| F|  |TAMS 0x000000008d900000| PB 0x000000008d900000| Untracked 
|  66|0x000000008da00000, 0x000000008da00000, 0x000000008db00000|  0%| F|  |TAMS 0x000000008da00000| PB 0x000000008da00000| Untracked 
|  67|0x000000008db00000, 0x000000008db00000, 0x000000008dc00000|  0%| F|  |TAMS 0x000000008db00000| PB 0x000000008db00000| Untracked 
|  68|0x000000008dc00000, 0x000000008dc00000, 0x000000008dd00000|  0%| F|  |TAMS 0x000000008dc00000| PB 0x000000008dc00000| Untracked 
|  69|0x000000008dd00000, 0x000000008dd00000, 0x000000008de00000|  0%| F|  |TAMS 0x000000008dd00000| PB 0x000000008dd00000| Untracked 
|  70|0x000000008de00000, 0x000000008de00000, 0x000000008df00000|  0%| F|  |TAMS 0x000000008de00000| PB 0x000000008de00000| Untracked 
|  71|0x000000008df00000, 0x000000008df00000, 0x000000008e000000|  0%| F|  |TAMS 0x000000008df00000| PB 0x000000008df00000| Untracked 
|  72|0x000000008e000000, 0x000000008e000000, 0x000000008e100000|  0%| F|  |TAMS 0x000000008e000000| PB 0x000000008e000000| Untracked 
|  73|0x000000008e100000, 0x000000008e100000, 0x000000008e200000|  0%| F|  |TAMS 0x000000008e100000| PB 0x000000008e100000| Untracked 
|  74|0x000000008e200000, 0x000000008e200000, 0x000000008e300000|  0%| F|  |TAMS 0x000000008e200000| PB 0x000000008e200000| Untracked 
|  75|0x000000008e300000, 0x000000008e300000, 0x000000008e400000|  0%| F|  |TAMS 0x000000008e300000| PB 0x000000008e300000| Untracked 
|  76|0x000000008e400000, 0x000000008e400000, 0x000000008e500000|  0%| F|  |TAMS 0x000000008e400000| PB 0x000000008e400000| Untracked 
|  77|0x000000008e500000, 0x000000008e500000, 0x000000008e600000|  0%| F|  |TAMS 0x000000008e500000| PB 0x000000008e500000| Untracked 
|  78|0x000000008e600000, 0x000000008e600000, 0x000000008e700000|  0%| F|  |TAMS 0x000000008e600000| PB 0x000000008e600000| Untracked 
|  79|0x000000008e700000, 0x000000008e700000, 0x000000008e800000|  0%| F|  |TAMS 0x000000008e700000| PB 0x000000008e700000| Untracked 
|  80|0x000000008e800000, 0x000000008e800000, 0x000000008e900000|  0%| F|  |TAMS 0x000000008e800000| PB 0x000000008e800000| Untracked 
|  81|0x000000008e900000, 0x000000008e900000, 0x000000008ea00000|  0%| F|  |TAMS 0x000000008e900000| PB 0x000000008e900000| Untracked 
|  82|0x000000008ea00000, 0x000000008ea00000, 0x000000008eb00000|  0%| F|  |TAMS 0x000000008ea00000| PB 0x000000008ea00000| Untracked 
|  83|0x000000008eb00000, 0x000000008eb00000, 0x000000008ec00000|  0%| F|  |TAMS 0x000000008eb00000| PB 0x000000008eb00000| Untracked 
|  84|0x000000008ec00000, 0x000000008ec00000, 0x000000008ed00000|  0%| F|  |TAMS 0x000000008ec00000| PB 0x000000008ec00000| Untracked 
|  85|0x000000008ed00000, 0x000000008ed00000, 0x000000008ee00000|  0%| F|  |TAMS 0x000000008ed00000| PB 0x000000008ed00000| Untracked 
|  86|0x000000008ee00000, 0x000000008ee00000, 0x000000008ef00000|  0%| F|  |TAMS 0x000000008ee00000| PB 0x000000008ee00000| Untracked 
|  87|0x000000008ef00000, 0x000000008ef00000, 0x000000008f000000|  0%| F|  |TAMS 0x000000008ef00000| PB 0x000000008ef00000| Untracked 
|  88|0x000000008f000000, 0x000000008f000000, 0x000000008f100000|  0%| F|  |TAMS 0x000000008f000000| PB 0x000000008f000000| Untracked 
|  89|0x000000008f100000, 0x000000008f100000, 0x000000008f200000|  0%| F|  |TAMS 0x000000008f100000| PB 0x000000008f100000| Untracked 
|  90|0x000000008f200000, 0x000000008f200000, 0x000000008f300000|  0%| F|  |TAMS 0x000000008f200000| PB 0x000000008f200000| Untracked 
|  91|0x000000008f300000, 0x000000008f300000, 0x000000008f400000|  0%| F|  |TAMS 0x000000008f300000| PB 0x000000008f300000| Untracked 
|  92|0x000000008f400000, 0x000000008f400000, 0x000000008f500000|  0%| F|  |TAMS 0x000000008f400000| PB 0x000000008f400000| Untracked 
|  93|0x000000008f500000, 0x000000008f500000, 0x000000008f600000|  0%| F|  |TAMS 0x000000008f500000| PB 0x000000008f500000| Untracked 
|  94|0x000000008f600000, 0x000000008f600000, 0x000000008f700000|  0%| F|  |TAMS 0x000000008f600000| PB 0x000000008f600000| Untracked 
|  95|0x000000008f700000, 0x000000008f700000, 0x000000008f800000|  0%| F|  |TAMS 0x000000008f700000| PB 0x000000008f700000| Untracked 
|  96|0x000000008f800000, 0x000000008f800000, 0x000000008f900000|  0%| F|  |TAMS 0x000000008f800000| PB 0x000000008f800000| Untracked 
|  97|0x000000008f900000, 0x000000008f900000, 0x000000008fa00000|  0%| F|  |TAMS 0x000000008f900000| PB 0x000000008f900000| Untracked 
|  98|0x000000008fa00000, 0x000000008fa00000, 0x000000008fb00000|  0%| F|  |TAMS 0x000000008fa00000| PB 0x000000008fa00000| Untracked 
|  99|0x000000008fb00000, 0x000000008fb00000, 0x000000008fc00000|  0%| F|  |TAMS 0x000000008fb00000| PB 0x000000008fb00000| Untracked 
| 100|0x000000008fc00000, 0x000000008fc00000, 0x000000008fd00000|  0%| F|  |TAMS 0x000000008fc00000| PB 0x000000008fc00000| Untracked 
| 101|0x000000008fd00000, 0x000000008fd00000, 0x000000008fe00000|  0%| F|  |TAMS 0x000000008fd00000| PB 0x000000008fd00000| Untracked 
| 102|0x000000008fe00000, 0x000000008fe00000, 0x000000008ff00000|  0%| F|  |TAMS 0x000000008fe00000| PB 0x000000008fe00000| Untracked 
| 103|0x000000008ff00000, 0x000000008ff00000, 0x0000000090000000|  0%| F|  |TAMS 0x000000008ff00000| PB 0x000000008ff00000| Untracked 
| 104|0x0000000090000000, 0x0000000090000000, 0x0000000090100000|  0%| F|  |TAMS 0x0000000090000000| PB 0x0000000090000000| Untracked 
| 105|0x0000000090100000, 0x0000000090100000, 0x0000000090200000|  0%| F|  |TAMS 0x0000000090100000| PB 0x0000000090100000| Untracked 
| 106|0x0000000090200000, 0x0000000090200000, 0x0000000090300000|  0%| F|  |TAMS 0x0000000090200000| PB 0x0000000090200000| Untracked 
| 107|0x0000000090300000, 0x0000000090300000, 0x0000000090400000|  0%| F|  |TAMS 0x0000000090300000| PB 0x0000000090300000| Untracked 
| 108|0x0000000090400000, 0x0000000090400000, 0x0000000090500000|  0%| F|  |TAMS 0x0000000090400000| PB 0x0000000090400000| Untracked 
| 109|0x0000000090500000, 0x0000000090500000, 0x0000000090600000|  0%| F|  |TAMS 0x0000000090500000| PB 0x0000000090500000| Untracked 
| 110|0x0000000090600000, 0x0000000090600000, 0x0000000090700000|  0%| F|  |TAMS 0x0000000090600000| PB 0x0000000090600000| Untracked 
| 111|0x0000000090700000, 0x0000000090700000, 0x0000000090800000|  0%| F|  |TAMS 0x0000000090700000| PB 0x0000000090700000| Untracked 
| 112|0x0000000090800000, 0x0000000090800000, 0x0000000090900000|  0%| F|  |TAMS 0x0000000090800000| PB 0x0000000090800000| Untracked 
| 113|0x0000000090900000, 0x0000000090900000, 0x0000000090a00000|  0%| F|  |TAMS 0x0000000090900000| PB 0x0000000090900000| Untracked 
| 114|0x0000000090a00000, 0x0000000090a00000, 0x0000000090b00000|  0%| F|  |TAMS 0x0000000090a00000| PB 0x0000000090a00000| Untracked 
| 115|0x0000000090b00000, 0x0000000090c00000, 0x0000000090c00000|100%| E|  |TAMS 0x0000000090b00000| PB 0x0000000090b00000| Complete 
| 116|0x0000000090c00000, 0x0000000090d00000, 0x0000000090d00000|100%| E|CS|TAMS 0x0000000090c00000| PB 0x0000000090c00000| Complete 
| 117|0x0000000090d00000, 0x0000000090e00000, 0x0000000090e00000|100%| E|CS|TAMS 0x0000000090d00000| PB 0x0000000090d00000| Complete 
| 118|0x0000000090e00000, 0x0000000090f00000, 0x0000000090f00000|100%| E|CS|TAMS 0x0000000090e00000| PB 0x0000000090e00000| Complete 
| 119|0x0000000090f00000, 0x0000000091000000, 0x0000000091000000|100%| E|CS|TAMS 0x0000000090f00000| PB 0x0000000090f00000| Complete 

Card table byte_map: [0x000001a278c20000,0x000001a278fe0000] _byte_map_base: 0x000001a2787d4000

Marking Bits: (CMBitMap*) 0x000001a277f596e0
 Bits: [0x000001a278fe0000, 0x000001a27ad80000)

Polling page: 0x000001a2776d0000

Metaspace:

Usage:
  Non-class:      3.49 MB used.
      Class:    388.83 KB used.
       Both:      3.87 MB used.

Virtual space:
  Non-class space:       64.00 MB reserved,       3.56 MB (  6%) committed,  1 nodes.
      Class space:        1.00 GB reserved,     448.00 KB ( <1%) committed,  1 nodes.
             Both:        1.06 GB reserved,       4.00 MB ( <1%) committed. 

Chunk freelists:
   Non-Class:  11.91 MB
       Class:  15.57 MB
        Both:  27.48 MB

MaxMetaspaceSize: unlimited
CompressedClassSpaceSize: 1.00 GB
Initial GC threshold: 21.00 MB
Current GC threshold: 21.00 MB
CDS: on
 - commit_granule_bytes: 65536.
 - commit_granule_words: 8192.
 - virtual_space_node_default_size: 8388608.
 - enlarge_chunks_in_place: 1.
 - use_allocation_guard: 0.


Internal statistics:

num_allocs_failed_limit: 0.
num_arena_births: 94.
num_arena_deaths: 0.
num_vsnodes_births: 2.
num_vsnodes_deaths: 0.
num_space_committed: 64.
num_space_uncommitted: 0.
num_chunks_returned_to_freelist: 0.
num_chunks_taken_from_freelist: 113.
num_chunk_merges: 0.
num_chunk_splits: 68.
num_chunks_enlarged: 25.
num_inconsistent_stats: 0.

CodeHeap 'non-profiled nmethods': size=119168Kb used=146Kb max_used=146Kb free=119021Kb
 bounds [0x000001a20ff30000, 0x000001a2101a0000, 0x000001a217390000]
CodeHeap 'profiled nmethods': size=119104Kb used=689Kb max_used=689Kb free=118414Kb
 bounds [0x000001a208390000, 0x000001a208600000, 0x000001a20f7e0000]
CodeHeap 'non-nmethods': size=7488Kb used=2527Kb max_used=2536Kb free=4960Kb
 bounds [0x000001a20f7e0000, 0x000001a20fa60000, 0x000001a20ff30000]
 total_blobs=988 nmethods=489 adapters=402
 compilation: enabled
              stopped_count=0, restarted_count=0
 full_count=0

Compilation events (20 events):
Event: 0.183 Thread 0x000001a27ddd8b10 nmethod 479 0x000001a208435d10 code [0x000001a208435ec0, 0x000001a208436058]
Event: 0.183 Thread 0x000001a2175a2180 nmethod 480 0x000001a208436110 code [0x000001a2084362c0, 0x000001a208436400]
Event: 0.184 Thread 0x000001a2175a2180  481       3       java.util.HashMap::putVal (300 bytes)
Event: 0.184 Thread 0x000001a27ddd8b10  482       1       java.util.concurrent.atomic.AtomicInteger::get (5 bytes)
Event: 0.184 Thread 0x000001a21757ed10  483       3       java.util.AbstractMap::<init> (5 bytes)
Event: 0.184 Thread 0x000001a27ddd8b10 nmethod 482 0x000001a20ff54710 code [0x000001a20ff548a0, 0x000001a20ff54968]
Event: 0.184 Thread 0x000001a21757ed10 nmethod 483 0x000001a208436490 code [0x000001a208436640, 0x000001a2084367a8]
Event: 0.184 Thread 0x000001a27ddd8b10  484       3       java.util.IdentityHashMap$IdentityHashMapIterator::hasNext (50 bytes)
Event: 0.184 Thread 0x000001a27ddd8b10 nmethod 484 0x000001a208436890 code [0x000001a208436a40, 0x000001a208436ca0]
Event: 0.184 Thread 0x000001a2175a2180 nmethod 481 0x000001a208436d90 code [0x000001a208437060, 0x000001a2084382b8]
Event: 0.186 Thread 0x000001a21757ed10  485       3       sun.invoke.util.VerifyType::isNullConversion (157 bytes)
Event: 0.186 Thread 0x000001a2175a2180  486       3       sun.invoke.util.BytecodeDescriptor::unparseSig (49 bytes)
Event: 0.186 Thread 0x000001a27ddd8b10  487       3       sun.invoke.util.Wrapper::forBasicType (103 bytes)
Event: 0.186 Thread 0x000001a27ddd8b10 nmethod 487 0x000001a208438790 code [0x000001a2084389a0, 0x000001a208438ec0]
Event: 0.186 Thread 0x000001a2175a2180 nmethod 486 0x000001a208438f90 code [0x000001a2084391c0, 0x000001a208439640]
Event: 0.187 Thread 0x000001a2175a2180  488       3       java.lang.ref.SoftReference::get (29 bytes)
Event: 0.187 Thread 0x000001a21757ed10 nmethod 485 0x000001a208439890 code [0x000001a208439bc0, 0x000001a20843b1a0]
Event: 0.187 Thread 0x000001a2175a2180 nmethod 488 0x000001a20843b690 code [0x000001a20843b840, 0x000001a20843ba18]
Event: 0.187 Thread 0x000001a2175a2180  489       3       sun.awt.AppContext::getAppContext (51 bytes)
Event: 0.187 Thread 0x000001a2175a2180 nmethod 489 0x000001a20843ba90 code [0x000001a20843bcc0, 0x000001a20843c4b0]

GC Heap History (0 events):
No events

Dll operation events (7 events):
Event: 0.005 Loaded shared library C:\Program Files\Java\jdk-21\bin\java.dll
Event: 0.033 Loaded shared library C:\Program Files\Java\jdk-21\bin\jsvml.dll
Event: 0.053 Loaded shared library C:\Program Files\Java\jdk-21\bin\net.dll
Event: 0.054 Loaded shared library C:\Program Files\Java\jdk-21\bin\nio.dll
Event: 0.067 Loaded shared library C:\Program Files\Java\jdk-21\bin\zip.dll
Event: 0.080 Loaded shared library C:\Program Files\Java\jdk-21\bin\jimage.dll
Event: 0.091 Loaded shared library C:\Program Files\Java\jdk-21\bin\awt.dll

Deoptimization events (4 events):
Event: 0.184 Thread 0x000001a275c9b760 Uncommon trap: trap_request=0xffffff45 fr.pc=0x000001a20ff41964 relative=0x0000000000000a04
Event: 0.184 Thread 0x000001a275c9b760 Uncommon trap: reason=unstable_if action=reinterpret pc=0x000001a20ff41964 method=java.util.HashMap.putVal(ILjava/lang/Object;Ljava/lang/Object;ZZ)Ljava/lang/Object; @ 236 c2
Event: 0.184 Thread 0x000001a275c9b760 DEOPT PACKING pc=0x000001a20ff41964 sp=0x0000007eb57fdf30
Event: 0.184 Thread 0x000001a275c9b760 DEOPT UNPACKING pc=0x000001a20f8346a2 sp=0x0000007eb57fdee8 mode 2

Classes loaded (20 events):
Event: 0.185 Loading class java/awt/font/FontRenderContext
Event: 0.185 Loading class java/awt/font/FontRenderContext done
Event: 0.185 Loading class sun/swing/StringUIClientPropertyKey
Event: 0.185 Loading class javax/swing/UIClientPropertyKey
Event: 0.185 Loading class javax/swing/UIClientPropertyKey done
Event: 0.185 Loading class sun/swing/StringUIClientPropertyKey done
Event: 0.185 Loading class sun/swing/SwingUtilities2$LSBCacheEntry
Event: 0.185 Loading class sun/swing/SwingUtilities2$LSBCacheEntry done
Event: 0.185 Loading class javax/swing/UIManager$LAFState
Event: 0.185 Loading class javax/swing/UIManager$LAFState done
Event: 0.185 Loading class javax/swing/UIDefaults
Event: 0.185 Loading class javax/swing/UIDefaults done
Event: 0.185 Loading class javax/swing/MultiUIDefaults
Event: 0.185 Loading class javax/swing/MultiUIDefaults done
Event: 0.185 Loading class sun/swing/SwingAccessor$UIDefaultsAccessor
Event: 0.185 Loading class sun/swing/SwingAccessor$UIDefaultsAccessor done
Event: 0.186 Loading class javax/swing/UIManager$1
Event: 0.186 Loading class javax/swing/UIManager$1 done
Event: 0.187 Loading class javax/swing/plaf/metal/MetalLookAndFeel
Event: 0.187 Loading class javax/swing/plaf/basic/BasicLookAndFeel

Classes unloaded (0 events):
No events

Classes redefined (0 events):
No events

Internal exceptions (9 events):
Event: 0.054 Thread 0x000001a275c9b760 Exception <a 'sun/nio/fs/WindowsException'{0x0000000090e44ff8}> (0x0000000090e44ff8) 
thrown [s\open\src\hotspot\share\prims\jni.cpp, line 520]
Event: 0.056 Thread 0x000001a275c9b760 Exception <a 'sun/nio/fs/WindowsException'{0x0000000090e47658}> (0x0000000090e47658) 
thrown [s\open\src\hotspot\share\prims\jni.cpp, line 520]
Event: 0.056 Thread 0x000001a275c9b760 Exception <a 'sun/nio/fs/WindowsException'{0x0000000090e48200}> (0x0000000090e48200) 
thrown [s\open\src\hotspot\share\prims\jni.cpp, line 520]
Event: 0.056 Thread 0x000001a275c9b760 Exception <a 'sun/nio/fs/WindowsException'{0x0000000090e48d58}> (0x0000000090e48d58) 
thrown [s\open\src\hotspot\share\prims\jni.cpp, line 520]
Event: 0.056 Thread 0x000001a275c9b760 Exception <a 'sun/nio/fs/WindowsException'{0x0000000090e498b8}> (0x0000000090e498b8) 
thrown [s\open\src\hotspot\share\prims\jni.cpp, line 520]
Event: 0.085 Thread 0x000001a275c9b760 Exception <a 'java/lang/ClassNotFoundException'{0x0000000090c36d78}: sun/awt/resources/spi/awtProvider> (0x0000000090c36d78) 
thrown [s\open\src\hotspot\share\classfile\systemDictionary.cpp, line 312]
Event: 0.098 Thread 0x000001a275c9b760 Exception <a 'java/io/FileNotFoundException'{0x0000000090c8c078}> (0x0000000090c8c078) 
thrown [s\open\src\hotspot\share\prims\jni.cpp, line 520]
Event: 0.103 Thread 0x000001a275c9b760 Exception <a 'java/io/FileNotFoundException'{0x0000000090cb6010}> (0x0000000090cb6010) 
thrown [s\open\src\hotspot\share\prims\jni.cpp, line 520]
Event: 0.186 Thread 0x000001a275c9b760 Exception <a 'java/lang/NoSuchMethodError'{0x0000000090b47568}: 'void java.lang.invoke.DirectMethodHandle$Holder.invokeSpecial(java.lang.Object, java.lang.Object, java.lang.Object)'> (0x0000000090b47568) 
thrown [s\open\src\hotspot\share\interpreter\linkResolver.cpp, line 773]

ZGC Phase Switch (0 events):
No events

VM Operations (6 events):
Event: 0.057 Executing VM operation: HandshakeAllThreads (Deoptimize)
Event: 0.057 Executing VM operation: HandshakeAllThreads (Deoptimize) done
Event: 0.073 Executing VM operation: HandshakeAllThreads (Deoptimize)
Event: 0.073 Executing VM operation: HandshakeAllThreads (Deoptimize) done
Event: 0.108 Executing VM operation: HandshakeAllThreads (Deoptimize)
Event: 0.108 Executing VM operation: HandshakeAllThreads (Deoptimize) done

Events (17 events):
Event: 0.021 Thread 0x000001a275c9b760 Thread added: 0x000001a275c9b760
Event: 0.032 Thread 0x000001a27ddb9e90 Thread added: 0x000001a27ddb9e90
Event: 0.032 Thread 0x000001a27ddbcbc0 Thread added: 0x000001a27ddbcbc0
Event: 0.032 Thread 0x000001a27ddc0140 Thread added: 0x000001a27ddc0140
Event: 0.032 Thread 0x000001a27ddc1e30 Thread added: 0x000001a27ddc1e30
Event: 0.032 Thread 0x000001a27ddc2890 Thread added: 0x000001a27ddc2890
Event: 0.032 Thread 0x000001a27ddc32f0 Thread added: 0x000001a27ddc32f0
Event: 0.032 Thread 0x000001a27ddc4dc0 Thread added: 0x000001a27ddc4dc0
Event: 0.032 Thread 0x000001a27ddd8b10 Thread added: 0x000001a27ddd8b10
Event: 0.046 Thread 0x000001a2175796c0 Thread added: 0x000001a2175796c0
Event: 0.050 Thread 0x000001a21757ed10 Thread added: 0x000001a21757ed10
Event: 0.058 Thread 0x000001a2175a2180 Thread added: 0x000001a2175a2180
Event: 0.060 Thread 0x000001a2175d91f0 Thread added: 0x000001a2175d91f0
Event: 0.063 Thread 0x000001a217687d20 Thread added: 0x000001a217687d20
Event: 0.133 Thread 0x000001a217819a40 Thread added: 0x000001a217819a40
Event: 0.134 Thread 0x000001a21782aa90 Thread added: 0x000001a21782aa90
Event: 0.134 Thread 0x000001a21782ebd0 Thread added: 0x000001a21782ebd0


Dynamic libraries:
0x00007ff61a5f0000 - 0x00007ff61a600000 	C:\Program Files\Java\jdk-21\bin\java.exe
0x00007ff8d1d30000 - 0x00007ff8d1f47000 	C:\WINDOWS\SYSTEM32\ntdll.dll
0x00007ff8d19e0000 - 0x00007ff8d1aa4000 	C:\WINDOWS\System32\KERNEL32.DLL
0x00007ff8cf6d0000 - 0x00007ff8cfa76000 	C:\WINDOWS\System32\KERNELBASE.dll
0x00007ff8cf3b0000 - 0x00007ff8cf4c1000 	C:\WINDOWS\System32\ucrtbase.dll
0x00007ff8ca430000 - 0x00007ff8ca44b000 	C:\Program Files\Java\jdk-21\bin\VCRUNTIME140.dll
0x00007ff8cc610000 - 0x00007ff8cc629000 	C:\Program Files\Java\jdk-21\bin\jli.dll
0x00007ff8d1ab0000 - 0x00007ff8d1b63000 	C:\WINDOWS\System32\ADVAPI32.dll
0x00007ff8d1690000 - 0x00007ff8d1737000 	C:\WINDOWS\System32\msvcrt.dll
0x00007ff8d0210000 - 0x00007ff8d02b8000 	C:\WINDOWS\System32\sechost.dll
0x00007ff8cf570000 - 0x00007ff8cf598000 	C:\WINDOWS\System32\bcrypt.dll
0x00007ff8cfb90000 - 0x00007ff8cfca7000 	C:\WINDOWS\System32\RPCRT4.dll
0x00007ff8cfec0000 - 0x00007ff8d006e000 	C:\WINDOWS\System32\USER32.dll
0x00007ff8c5d90000 - 0x00007ff8c6023000 	C:\WINDOWS\WinSxS\amd64_microsoft.windows.common-controls_6595b64144ccf1df_6.0.22621.2506_none_270c5ae97388e100\COMCTL32.dll
0x00007ff8cf260000 - 0x00007ff8cf286000 	C:\WINDOWS\System32\win32u.dll
0x00007ff8d1860000 - 0x00007ff8d1889000 	C:\WINDOWS\System32\GDI32.dll
0x00007ff8cf290000 - 0x00007ff8cf3a8000 	C:\WINDOWS\System32\gdi32full.dll
0x00007ff8cf4d0000 - 0x00007ff8cf56a000 	C:\WINDOWS\System32\msvcp_win.dll
0x00007ff8c6cb0000 - 0x00007ff8c6cba000 	C:\WINDOWS\SYSTEM32\VERSION.dll
0x00007ff8d1090000 - 0x00007ff8d10c1000 	C:\WINDOWS\System32\IMM32.DLL
0x00007ff8cc5e0000 - 0x00007ff8cc5ec000 	C:\Program Files\Java\jdk-21\bin\vcruntime140_1.dll
0x00007ff8bd870000 - 0x00007ff8bd8fe000 	C:\Program Files\Java\jdk-21\bin\msvcp140.dll
0x00007ff84a7f0000 - 0x00007ff84b505000 	C:\Program Files\Java\jdk-21\bin\server\jvm.dll
0x00007ff8cfcb0000 - 0x00007ff8cfd21000 	C:\WINDOWS\System32\WS2_32.dll
0x00007ff8cece0000 - 0x00007ff8ced2d000 	C:\WINDOWS\SYSTEM32\POWRPROF.dll
0x00007ff8cc420000 - 0x00007ff8cc454000 	C:\WINDOWS\SYSTEM32\WINMM.dll
0x00007ff8ceae0000 - 0x00007ff8ceaf3000 	C:\WINDOWS\SYSTEM32\UMPDC.dll
0x00007ff8ce110000 - 0x00007ff8ce128000 	C:\WINDOWS\SYSTEM32\kernel.appcore.dll
0x00007ff8cc570000 - 0x00007ff8cc57a000 	C:\Program Files\Java\jdk-21\bin\jimage.dll
0x00007ff8cc1c0000 - 0x00007ff8cc3f3000 	C:\WINDOWS\SYSTEM32\DBGHELP.DLL
0x00007ff8d1300000 - 0x00007ff8d1689000 	C:\WINDOWS\System32\combase.dll
0x00007ff8d02d0000 - 0x00007ff8d03a7000 	C:\WINDOWS\System32\OLEAUT32.dll
0x00007ff8cc150000 - 0x00007ff8cc182000 	C:\WINDOWS\SYSTEM32\dbgcore.DLL
0x00007ff8cf070000 - 0x00007ff8cf0ea000 	C:\WINDOWS\System32\bcryptPrimitives.dll
0x00007ff8c7cf0000 - 0x00007ff8c7d0f000 	C:\Program Files\Java\jdk-21\bin\java.dll
0x00007ff8d0830000 - 0x00007ff8d108a000 	C:\WINDOWS\System32\SHELL32.dll
0x00007ff8ccfc0000 - 0x00007ff8cd8b6000 	C:\WINDOWS\SYSTEM32\windows.storage.dll
0x00007ff8cce80000 - 0x00007ff8ccfbe000 	C:\WINDOWS\SYSTEM32\wintypes.dll
0x00007ff8d1740000 - 0x00007ff8d1833000 	C:\WINDOWS\System32\SHCORE.dll
0x00007ff8cfa80000 - 0x00007ff8cfade000 	C:\WINDOWS\System32\shlwapi.dll
0x00007ff8cefa0000 - 0x00007ff8cefc6000 	C:\WINDOWS\SYSTEM32\profapi.dll
0x00007ff8a28f0000 - 0x00007ff8a29c7000 	C:\Program Files\Java\jdk-21\bin\jsvml.dll
0x00007ff8cc0a0000 - 0x00007ff8cc0b0000 	C:\Program Files\Java\jdk-21\bin\net.dll
0x00007ff8c9750000 - 0x00007ff8c9887000 	C:\WINDOWS\SYSTEM32\WINHTTP.dll
0x00007ff8ce590000 - 0x00007ff8ce5f9000 	C:\WINDOWS\system32\mswsock.dll
0x00007ff8c4b50000 - 0x00007ff8c4b66000 	C:\Program Files\Java\jdk-21\bin\nio.dll
0x00007ff8bda60000 - 0x00007ff8bda78000 	C:\Program Files\Java\jdk-21\bin\zip.dll
0x00007ff890d70000 - 0x00007ff890eff000 	C:\Program Files\Java\jdk-21\bin\awt.dll
0x00007ff8cbe50000 - 0x00007ff8cbee7000 	C:\WINDOWS\SYSTEM32\apphelp.dll
0x00007ff8cc810000 - 0x00007ff8cc83b000 	C:\WINDOWS\system32\DWMAPI.DLL
0x00007ff8cbf40000 - 0x00007ff8cbfeb000 	C:\WINDOWS\system32\uxtheme.dll
0x00007ff86d030000 - 0x00007ff86d130000 	C:\WINDOWS\system32\opengl32.dll
0x00007ff86cef0000 - 0x00007ff86cf1d000 	C:\WINDOWS\SYSTEM32\GLU32.dll
0x00007ff8cc6a0000 - 0x00007ff8cc6d6000 	C:\WINDOWS\SYSTEM32\dxcore.dll
0x00007ff8d1890000 - 0x00007ff8d19e0000 	C:\WINDOWS\System32\MSCTF.dll
0x00007ff8d0070000 - 0x00007ff8d0210000 	C:\WINDOWS\System32\ole32.dll
0x00007ff86ee90000 - 0x00007ff86f039000 	C:\WINDOWS\system32\d3d9.dll
0x00007ff8c54e0000 - 0x00007ff8c569b000 	C:\WINDOWS\System32\DriverStore\FileRepository\u0382030.inf_amd64_c27c1f19988d7c7e\B381533\aticfx64.dll
0x00007ff8a2ab0000 - 0x00007ff8a2ae4000 	C:\WINDOWS\System32\DriverStore\FileRepository\u0382030.inf_amd64_c27c1f19988d7c7e\B381533\atiu9p64.dll
0x00007ff837c80000 - 0x00007ff8389d5000 	C:\WINDOWS\System32\DriverStore\FileRepository\u0382030.inf_amd64_c27c1f19988d7c7e\B381533\atiumd64.dll
0x00007ff8c4f70000 - 0x00007ff8c4fa5000 	C:\WINDOWS\SYSTEM32\amdihk64.dll
0x00007ff8c9550000 - 0x00007ff8c959a000 	C:\WINDOWS\SYSTEM32\directxdatabasehelper.dll

dbghelp: loaded successfully - version: 4.0.5 - missing functions: none
symbol engine: initialized successfully - sym options: 0x614 - pdb path: .;C:\Program Files\Java\jdk-21\bin;C:\WINDOWS\SYSTEM32;C:\WINDOWS\WinSxS\amd64_microsoft.windows.common-controls_6595b64144ccf1df_6.0.22621.2506_none_270c5ae97388e100;C:\Program Files\Java\jdk-21\bin\server;C:\WINDOWS\System32\DriverStore\FileRepository\u0382030.inf_amd64_c27c1f19988d7c7e\B381533

VM Arguments:
jvm_args: -Dfile.encoding=UTF-8 --enable-preview --module-path=C:\Users\Ruchita\Documents\NetBeansProjects\Tourism Management System\build\classes 
java_command: tourism.management.system.Dashboard
java_class_path (initial): C:\Users\Ruchita\Downloads\mysql-connector-java-8.0.28.jar;C:\Users\Ruchita\Documents\NetBeansProjects\Tourism Management System\build\classes
Launcher Type: SUN_STANDARD

[Global flags]
     intx CICompilerCount                          = 12                                        {product} {ergonomic}
     uint ConcGCThreads                            = 3                                         {product} {ergonomic}
     uint G1ConcRefinementThreads                  = 13                                        {product} {ergonomic}
   size_t G1HeapRegionSize                         = 1048576                                   {product} {ergonomic}
    uintx GCDrainStackTargetSize                   = 64                                        {product} {ergonomic}
   size_t InitialHeapSize                          = 125829120                                 {product} {ergonomic}
   size_t MarkStackSize                            = 4194304                                   {product} {ergonomic}
   size_t MaxHeapSize                              = 1988100096                                {product} {ergonomic}
   size_t MaxNewSize                               = 1192230912                                {product} {ergonomic}
   size_t MinHeapDeltaBytes                        = 1048576                                   {product} {ergonomic}
   size_t MinHeapSize                              = 8388608                                   {product} {ergonomic}
    uintx NonNMethodCodeHeapSize                   = 7602480                                {pd product} {ergonomic}
    uintx NonProfiledCodeHeapSize                  = 122027880                              {pd product} {ergonomic}
    uintx ProfiledCodeHeapSize                     = 122027880                              {pd product} {ergonomic}
    uintx ReservedCodeCacheSize                    = 251658240                              {pd product} {ergonomic}
     bool SegmentedCodeCache                       = true                                      {product} {ergonomic}
   size_t SoftMaxHeapSize                          = 1988100096                             {manageable} {ergonomic}
     bool UseCompressedOops                        = true                           {product lp64_product} {ergonomic}
     bool UseG1GC                                  = true                                      {product} {ergonomic}
     bool UseLargePagesIndividualAllocation        = false                                  {pd product} {ergonomic}

Logging:
Log output configuration:
 #0: stdout all=warning uptime,level,tags foldmultilines=false
 #1: stderr all=off uptime,level,tags foldmultilines=false

Environment Variables:
PATH=C:\Program Files\Common Files\Oracle\Java\javapath;C:\Windows\system32;C:\Windows;C:\Windows\System32\Wbem;C:\Windows\System32\WindowsPowerShell\v1.0\;C:\Windows\System32\OpenSSH\;C:\Program Files (x86)\NVIDIA Corporation\PhysX\Common;C:\Program Files\NVIDIA Corporation\NVIDIA NvDLISR;C:\WINDOWS\system32;C:\WINDOWS;C:\WINDOWS\System32\Wbem;C:\WINDOWS\System32\WindowsPowerShell\v1.0\;C:\WINDOWS\System32\OpenSSH\;C:\MinGW\bin;C:\Program Files\Java\jdk-18.0.2.1\bin;C:\Program Files\Git\cmd;C:\Program Files\nodejs\;C:\Program Files\Java\jdk-21\bin;C:\Program Files\MySQL\MySQL Shell 8.0\bin\;C:\Users\Ruchita\AppData\Local\Programs\Python\Python311\Scripts\;C:\Users\Ruchita\AppData\Local\Programs\Python\Python311\;C:\Users\Ruchita\AppData\Local\Microsoft\WindowsApps;C:\Users\Ruchita\AppData\Local\atom\bin;C:\Users\Ruchita\AppData\Local\Microsoft\WindowsApps;;C:\Users\Ruchita\AppData\Local\Programs\Microsoft VS Code\bin;C:\Users\Ruchita\AppData\Roaming\npm
USERNAME=Ruchita
OS=Windows_NT
PROCESSOR_IDENTIFIER=AMD64 Family 25 Model 80 Stepping 0, AuthenticAMD
TMP=C:\Users\Ruchita\AppData\Local\Temp
TEMP=C:\Users\Ruchita\AppData\Local\Temp




Periodic native trim disabled

---------------  S Y S T E M  ---------------

OS:
 Windows 11 , 64 bit Build 22621 (10.0.22621.2506)
OS uptime: 1 days 12:39 hours

CPU: total 16 (initial active 16) (16 cores per cpu, 2 threads per core) family 25 model 80 stepping 0 microcode 0x0, cx8, cmov, fxsr, ht, mmx, 3dnowpref, sse, sse2, sse3, ssse3, sse4a, sse4.1, sse4.2, popcnt, lzcnt, tsc, tscinvbit, avx, avx2, aes, erms, clmul, bmi1, bmi2, adx, sha, fma, vzeroupper, clflush, clflushopt, rdtscp, rdpid, fsrm, f16c, pku, cet_ss
Processor Information for all 16 processors :
  Max Mhz: 3201, Current Mhz: 3201, Mhz Limit: 3201

Memory: 4k page, system-wide physical 7583M (717M free)
TotalPageFile size 27261M (AvailPageFile size 2M)
current process WorkingSet (physical memory assigned to process): 51M, peak: 51M
current process commit charge ("private bytes"): 219M, peak: 226M

vm_info: Java HotSpot(TM) 64-Bit Server VM (21.0.1+12-LTS-29) for windows-amd64 JRE (21.0.1+12-LTS-29), built on 2023-10-05T13:27:09Z by "mach5one" with MS VC++ 17.1 (VS2022)

END.
