#
# There is insufficient memory for the Java Runtime Environment to continue.
# Native memory allocation (mmap) failed to map 125829120 bytes for G1 virtual space
# Possible reasons:
#   The system is out of physical RAM or swap space
#   The process is running with CompressedOops enabled, and the Java Heap may be blocking the growth of the native heap
# Possible solutions:
#   Reduce memory load on the system
#   Increase physical memory or swap space
#   Check if swap backing store is full
#   Decrease Java heap size (-Xmx/-Xms)
#   Decrease number of Java threads
#   Decrease Java thread stack sizes (-Xss)
#   Set larger code cache with -XX:ReservedCodeCacheSize=
#   JVM is running with Unscaled Compressed Oops mode in which the Java heap is
#     placed in the first 4GB address space. The Java Heap base address is the
#     maximum limit for the native heap growth. Please use -XX:HeapBaseMinAddress
#     to set the Java Heap base and to place the Java Heap above 4GB virtual address.
# This output file may be truncated or incomplete.
#
#  Out of Memory Error (os_windows.cpp:3600), pid=29284, tid=27704
#
# JRE version:  (21.0.1+12) (build )
# Java VM: Java HotSpot(TM) 64-Bit Server VM (21.0.1+12-LTS-29, mixed mode, sharing, tiered, compressed oops, compressed class ptrs, g1 gc, windows-amd64)
# No core dump will be written. Minidumps are not enabled by default on client versions of Windows
#

---------------  S U M M A R Y ------------

Command Line: -Dfile.encoding=UTF-8 --enable-preview --module-path=C:\Users\Ruchita\Documents\NetBeansProjects\Tourism Management System\build\classes tourism.management.system.Dashboard

Host: AMD Ryzen 7 5800HS with Radeon Graphics         , 16 cores, 7G,  Windows 11 , 64 bit Build 22621 (10.0.22621.2506)
Time: Sun Jan 14 23:21:59 2024 India Standard Time elapsed time: 0.008480 seconds (0d 0h 0m 0s)

---------------  T H R E A D  ---------------

Current thread (0x0000027aef2c95a0):  JavaThread "Unknown thread" [_thread_in_vm, id=27704, stack(0x000000ef6d800000,0x000000ef6d900000) (1024K)]

Stack: [0x000000ef6d800000,0x000000ef6d900000]
Native frames: (J=compiled Java code, j=interpreted, Vv=VM code, C=native code)
V  [jvm.dll+0x6c9029]
V  [jvm.dll+0x854b81]
V  [jvm.dll+0x856e5e]
V  [jvm.dll+0x857543]
V  [jvm.dll+0x280c06]
V  [jvm.dll+0x6c5715]
V  [jvm.dll+0x6ba10a]
V  [jvm.dll+0x3557ea]
V  [jvm.dll+0x35d436]
V  [jvm.dll+0x3ae1be]
V  [jvm.dll+0x3ae468]
V  [jvm.dll+0x3291fc]
V  [jvm.dll+0x329d8b]
V  [jvm.dll+0x81d179]
V  [jvm.dll+0x3bb4f1]
V  [jvm.dll+0x805ae8]
V  [jvm.dll+0x44effe]
V  [jvm.dll+0x450901]
C  [jli.dll+0x52a3]
C  [ucrtbase.dll+0x29363]
C  [KERNEL32.DLL+0x1257d]
C  [ntdll.dll+0x5aa58]


---------------  P R O C E S S  ---------------

Threads class SMR info:
_java_thread_list=0x00007ff84b3b9b88, length=0, elements={
}

Java Threads: ( => current thread )
Total: 0

Other Threads:
  0x0000027aef319a00 WorkerThread "GC Thread#0"                     [id=24288, stack(0x000000ef6d900000,0x000000ef6da00000) (1024K)]
  0x0000027aef329890 ConcurrentGCThread "G1 Main Marker"            [id=28144, stack(0x000000ef6da00000,0x000000ef6db00000) (1024K)]
  0x0000027aef32ab30 WorkerThread "G1 Conc#0"                       [id=29888, stack(0x000000ef6db00000,0x000000ef6dc00000) (1024K)]

[error occurred during error reporting (printing all threads), id 0xc0000005, EXCEPTION_ACCESS_VIOLATION (0xc0000005) at pc=0x00007ff84ab2c2c7]
VM state: not at safepoint (not fully initialized)

VM Mutex/Monitor currently owned by a thread:  ([mutex/lock_event])
[0x00007ff84b42a6f8] Heap_lock - owner thread: 0x0000027aef2c95a0

Heap address: 0x0000000089800000, size: 1896 MB, Compressed Oops mode: 32-bit

CDS archive(s) mapped at: [0x0000000000000000-0x0000000000000000-0x0000000000000000), size 0, SharedBaseAddress: 0x0000000800000000, ArchiveRelocationMode: 1.
Narrow klass base: 0x0000000000000000, Narrow klass shift: 0, Narrow klass range: 0x0

GC Precious Log:
 CardTable entry size: 512
 Card Set container configuration: InlinePtr #cards 5 size 8 Array Of Cards #cards 12 size 40 Howl #buckets 4 coarsen threshold 1843 Howl Bitmap #cards 512 size 80 coarsen threshold 460 Card regions per heap region 1 cards per card region 2048

Heap:
 garbage-first heap   total 0K, used 0K [0x0000000089800000, 0x0000000100000000)
  region size 1024K, 0 young (0K), 0 survivors (0K)

[error occurred during error reporting (printing heap information), id 0xc0000005, EXCEPTION_ACCESS_VIOLATION (0xc0000005) at pc=0x00007ff84af11be9]
GC Heap History (0 events):
No events

Dll operation events (1 events):
Event: 0.005 Loaded shared library C:\Program Files\Java\jdk-21\bin\java.dll

Deoptimization events (0 events):
No events

Classes loaded (0 events):
No events

Classes unloaded (0 events):
No events

Classes redefined (0 events):
No events

Internal exceptions (0 events):
No events

ZGC Phase Switch (0 events):
No events

VM Operations (0 events):
No events

Events (0 events):
No events


Dynamic libraries:
0x00007ff61a5f0000 - 0x00007ff61a600000 	C:\Program Files\Java\jdk-21\bin\java.exe
0x00007ff8d1d30000 - 0x00007ff8d1f47000 	C:\WINDOWS\SYSTEM32\ntdll.dll
0x00007ff8d19e0000 - 0x00007ff8d1aa4000 	C:\WINDOWS\System32\KERNEL32.DLL
0x00007ff8cf6d0000 - 0x00007ff8cfa76000 	C:\WINDOWS\System32\KERNELBASE.dll
0x00007ff8cf3b0000 - 0x00007ff8cf4c1000 	C:\WINDOWS\System32\ucrtbase.dll
0x00007ff8ca430000 - 0x00007ff8ca44b000 	C:\Program Files\Java\jdk-21\bin\VCRUNTIME140.dll
0x00007ff8cc610000 - 0x00007ff8cc629000 	C:\Program Files\Java\jdk-21\bin\jli.dll
0x00007ff8d1ab0000 - 0x00007ff8d1b63000 	C:\WINDOWS\System32\ADVAPI32.dll
0x00007ff8d1690000 - 0x00007ff8d1737000 	C:\WINDOWS\System32\msvcrt.dll
0x00007ff8d0210000 - 0x00007ff8d02b8000 	C:\WINDOWS\System32\sechost.dll
0x00007ff8cf570000 - 0x00007ff8cf598000 	C:\WINDOWS\System32\bcrypt.dll
0x00007ff8cfb90000 - 0x00007ff8cfca7000 	C:\WINDOWS\System32\RPCRT4.dll
0x00007ff8cfec0000 - 0x00007ff8d006e000 	C:\WINDOWS\System32\USER32.dll
0x00007ff8cf260000 - 0x00007ff8cf286000 	C:\WINDOWS\System32\win32u.dll
0x00007ff8c5d90000 - 0x00007ff8c6023000 	C:\WINDOWS\WinSxS\amd64_microsoft.windows.common-controls_6595b64144ccf1df_6.0.22621.2506_none_270c5ae97388e100\COMCTL32.dll
0x00007ff8d1860000 - 0x00007ff8d1889000 	C:\WINDOWS\System32\GDI32.dll
0x00007ff8cf290000 - 0x00007ff8cf3a8000 	C:\WINDOWS\System32\gdi32full.dll
0x00007ff8cf4d0000 - 0x00007ff8cf56a000 	C:\WINDOWS\System32\msvcp_win.dll
0x00007ff8c6cb0000 - 0x00007ff8c6cba000 	C:\WINDOWS\SYSTEM32\VERSION.dll
0x00007ff8d1090000 - 0x00007ff8d10c1000 	C:\WINDOWS\System32\IMM32.DLL
0x00007ff8cc5e0000 - 0x00007ff8cc5ec000 	C:\Program Files\Java\jdk-21\bin\vcruntime140_1.dll
0x00007ff8bd870000 - 0x00007ff8bd8fe000 	C:\Program Files\Java\jdk-21\bin\msvcp140.dll
0x00007ff84a7f0000 - 0x00007ff84b505000 	C:\Program Files\Java\jdk-21\bin\server\jvm.dll
0x00007ff8cfcb0000 - 0x00007ff8cfd21000 	C:\WINDOWS\System32\WS2_32.dll
0x00007ff8cece0000 - 0x00007ff8ced2d000 	C:\WINDOWS\SYSTEM32\POWRPROF.dll
0x00007ff8cc420000 - 0x00007ff8cc454000 	C:\WINDOWS\SYSTEM32\WINMM.dll
0x00007ff8ceae0000 - 0x00007ff8ceaf3000 	C:\WINDOWS\SYSTEM32\UMPDC.dll
0x00007ff8ce110000 - 0x00007ff8ce128000 	C:\WINDOWS\SYSTEM32\kernel.appcore.dll
0x00007ff8cc570000 - 0x00007ff8cc57a000 	C:\Program Files\Java\jdk-21\bin\jimage.dll
0x00007ff8cc1c0000 - 0x00007ff8cc3f3000 	C:\WINDOWS\SYSTEM32\DBGHELP.DLL
0x00007ff8d1300000 - 0x00007ff8d1689000 	C:\WINDOWS\System32\combase.dll
0x00007ff8d02d0000 - 0x00007ff8d03a7000 	C:\WINDOWS\System32\OLEAUT32.dll
0x00007ff8cc150000 - 0x00007ff8cc182000 	C:\WINDOWS\SYSTEM32\dbgcore.DLL
0x00007ff8cf070000 - 0x00007ff8cf0ea000 	C:\WINDOWS\System32\bcryptPrimitives.dll
0x00007ff8c7cf0000 - 0x00007ff8c7d0f000 	C:\Program Files\Java\jdk-21\bin\java.dll

dbghelp: loaded successfully - version: 4.0.5 - missing functions: none
symbol engine: initialized successfully - sym options: 0x614 - pdb path: .;C:\Program Files\Java\jdk-21\bin;C:\WINDOWS\SYSTEM32;C:\WINDOWS\WinSxS\amd64_microsoft.windows.common-controls_6595b64144ccf1df_6.0.22621.2506_none_270c5ae97388e100;C:\Program Files\Java\jdk-21\bin\server

VM Arguments:
jvm_args: -Dfile.encoding=UTF-8 --enable-preview --module-path=C:\Users\Ruchita\Documents\NetBeansProjects\Tourism Management System\build\classes 
java_command: tourism.management.system.Dashboard
java_class_path (initial): C:\Users\Ruchita\Downloads\mysql-connector-java-8.0.28.jar;C:\Users\Ruchita\Documents\NetBeansProjects\Tourism Management System\build\classes
Launcher Type: SUN_STANDARD

[Global flags]
     intx CICompilerCount                          = 12                                        {product} {ergonomic}
     uint ConcGCThreads                            = 3                                         {product} {ergonomic}
     uint G1ConcRefinementThreads                  = 13                                        {product} {ergonomic}
   size_t G1HeapRegionSize                         = 1048576                                   {product} {ergonomic}
    uintx GCDrainStackTargetSize                   = 64                                        {product} {ergonomic}
   size_t InitialHeapSize                          = 125829120                                 {product} {ergonomic}
   size_t MarkStackSize                            = 4194304                                   {product} {ergonomic}
   size_t MaxHeapSize                              = 1988100096                                {product} {ergonomic}
   size_t MinHeapDeltaBytes                        = 1048576                                   {product} {ergonomic}
   size_t MinHeapSize                              = 8388608                                   {product} {ergonomic}
    uintx NonNMethodCodeHeapSize                   = 7602480                                {pd product} {ergonomic}
    uintx NonProfiledCodeHeapSize                  = 122027880                              {pd product} {ergonomic}
    uintx ProfiledCodeHeapSize                     = 122027880                              {pd product} {ergonomic}
    uintx ReservedCodeCacheSize                    = 251658240                              {pd product} {ergonomic}
     bool SegmentedCodeCache                       = true                                      {product} {ergonomic}
   size_t SoftMaxHeapSize                          = 1988100096                             {manageable} {ergonomic}
     bool UseCompressedOops                        = true                           {product lp64_product} {ergonomic}
     bool UseG1GC                                  = true                                      {product} {ergonomic}
     bool UseLargePagesIndividualAllocation        = false                                  {pd product} {ergonomic}

Logging:
Log output configuration:
 #0: stdout all=warning uptime,level,tags foldmultilines=false
 #1: stderr all=off uptime,level,tags foldmultilines=false

Environment Variables:
PATH=C:\Program Files\Common Files\Oracle\Java\javapath;C:\Windows\system32;C:\Windows;C:\Windows\System32\Wbem;C:\Windows\System32\WindowsPowerShell\v1.0\;C:\Windows\System32\OpenSSH\;C:\Program Files (x86)\NVIDIA Corporation\PhysX\Common;C:\Program Files\NVIDIA Corporation\NVIDIA NvDLISR;C:\WINDOWS\system32;C:\WINDOWS;C:\WINDOWS\System32\Wbem;C:\WINDOWS\System32\WindowsPowerShell\v1.0\;C:\WINDOWS\System32\OpenSSH\;C:\MinGW\bin;C:\Program Files\Java\jdk-18.0.2.1\bin;C:\Program Files\Git\cmd;C:\Program Files\nodejs\;C:\Program Files\Java\jdk-21\bin;C:\Program Files\MySQL\MySQL Shell 8.0\bin\;C:\Users\Ruchita\AppData\Local\Programs\Python\Python311\Scripts\;C:\Users\Ruchita\AppData\Local\Programs\Python\Python311\;C:\Users\Ruchita\AppData\Local\Microsoft\WindowsApps;C:\Users\Ruchita\AppData\Local\atom\bin;C:\Users\Ruchita\AppData\Local\Microsoft\WindowsApps;;C:\Users\Ruchita\AppData\Local\Programs\Microsoft VS Code\bin;C:\Users\Ruchita\AppData\Roaming\npm
USERNAME=Ruchita
OS=Windows_NT
PROCESSOR_IDENTIFIER=AMD64 Family 25 Model 80 Stepping 0, AuthenticAMD
TMP=C:\Users\Ruchita\AppData\Local\Temp
TEMP=C:\Users\Ruchita\AppData\Local\Temp




Periodic native trim disabled

---------------  S Y S T E M  ---------------

OS:
 Windows 11 , 64 bit Build 22621 (10.0.22621.2506)
OS uptime: 1 days 12:37 hours

CPU: total 16 (initial active 16) (16 cores per cpu, 2 threads per core) family 25 model 80 stepping 0 microcode 0x0, cx8, cmov, fxsr, ht, mmx, 3dnowpref, sse, sse2, sse3, ssse3, sse4a, sse4.1, sse4.2, popcnt, lzcnt, tsc, tscinvbit, avx, avx2, aes, erms, clmul, bmi1, bmi2, adx, sha, fma, vzeroupper, clflush, clflushopt, rdtscp, rdpid, fsrm, f16c, pku, cet_ss
Processor Information for all 16 processors :
  Max Mhz: 3201, Current Mhz: 3201, Mhz Limit: 3201

Memory: 4k page, system-wide physical 7583M (380M free)
TotalPageFile size 27261M (AvailPageFile size 109M)
current process WorkingSet (physical memory assigned to process): 11M, peak: 11M
current process commit charge ("private bytes"): 70M, peak: 190M

vm_info: Java HotSpot(TM) 64-Bit Server VM (21.0.1+12-LTS-29) for windows-amd64 JRE (21.0.1+12-LTS-29), built on 2023-10-05T13:27:09Z by "mach5one" with MS VC++ 17.1 (VS2022)

END.
